<?xml version="1.0"?>
<!DOCTYPE coverage SYSTEM "http://cobertura.sourceforge.net/xml/coverage-04.dtd">

<coverage line-rate="0.75" branch-rate="0.6216216216216216" lines-covered="126" lines-valid="168" branches-covered="92" branches-valid="148" complexity="0.0" version="2.1.1" timestamp="1578563408328">
	<sources>
		<source>/home/runner/work/kotlin-pro/kotlin-pro/src/main/java</source>
		<source>--source</source>
		<source>/home/runner/work/kotlin-pro/kotlin-pro/target/generated-sources/annotations</source>
	</sources>
	<packages>
		<package name="common.functions" line-rate="0.96875" branch-rate="0.7916666666666666" complexity="0.0">
			<classes>
				<class name="common.functions.MathKt" filename="common/functions/Math.kt" line-rate="1.0" branch-rate="0.7894736842105263" complexity="0.0">
					<methods>
						<method name="factorial" signature="(I)I" line-rate="1.0" branch-rate="0.75" complexity="0">
							<lines>
								<line number="4" hits="112" branch="false"/>
								<line number="5" hits="56" branch="true" condition-coverage="66% (4/6)">
									<conditions>
										<condition number="0" type="jump" coverage="50%"/>
										<condition number="1" type="jump" coverage="50%"/>
										<condition number="2" type="jump" coverage="100%"/>
									</conditions>
								</line>
								<line number="6" hits="55" branch="true" condition-coverage="100% (2/2)">
									<conditions>
										<condition number="0" type="jump" coverage="100%"/>
									</conditions>
								</line>
								<line number="7" hits="45" branch="false"/>
							</lines>
						</method>
						<method name="fibonacci" signature="(I)I" line-rate="1.0" branch-rate="0.75" complexity="0">
							<lines>
								<line number="47" hits="998" branch="false"/>
								<line number="48" hits="499" branch="true" condition-coverage="66% (4/6)">
									<conditions>
										<condition number="0" type="jump" coverage="50%"/>
										<condition number="1" type="jump" coverage="50%"/>
										<condition number="2" type="jump" coverage="100%"/>
									</conditions>
								</line>
								<line number="49" hits="97" branch="false"/>
								<line number="50" hits="402" branch="true" condition-coverage="100% (2/2)">
									<conditions>
										<condition number="0" type="jump" coverage="100%"/>
									</conditions>
								</line>
								<line number="51" hits="246" branch="false"/>
							</lines>
						</method>
						<method name="isEven" signature="(I)Z" line-rate="1.0" branch-rate="1.0" complexity="0">
							<lines>
								<line number="16" hits="5" branch="true" condition-coverage="100% (2/2)">
									<conditions>
										<condition number="0" type="jump" coverage="100%"/>
									</conditions>
								</line>
							</lines>
						</method>
						<method name="isOdd" signature="(I)Z" line-rate="1.0" branch-rate="0.5" complexity="0">
							<lines>
								<line number="12" hits="2" branch="true" condition-coverage="50% (1/2)">
									<conditions>
										<condition number="0" type="jump" coverage="50%"/>
									</conditions>
								</line>
							</lines>
						</method>
						<method name="isPrime" signature="(I)Z" line-rate="1.0" branch-rate="0.8333333333333334" complexity="0">
							<lines>
								<line number="20" hits="16" branch="false"/>
								<line number="21" hits="11" branch="true" condition-coverage="75% (3/4)">
									<conditions>
										<condition number="0" type="jump" coverage="50%"/>
										<condition number="1" type="jump" coverage="100%"/>
									</conditions>
								</line>
								<line number="22" hits="8" branch="true" condition-coverage="100% (4/4)">
									<conditions>
										<condition number="0" type="jump" coverage="100%"/>
										<condition number="1" type="jump" coverage="100%"/>
									</conditions>
								</line>
								<line number="24" hits="6" branch="true" condition-coverage="75% (3/4)">
									<conditions>
										<condition number="0" type="jump" coverage="50%"/>
										<condition number="1" type="jump" coverage="100%"/>
									</conditions>
								</line>
								<line number="26" hits="5" branch="false"/>
								<line number="27" hits="51" branch="true" condition-coverage="100% (2/2)">
									<conditions>
										<condition number="0" type="jump" coverage="100%"/>
									</conditions>
								</line>
								<line number="28" hits="24" branch="true" condition-coverage="75% (3/4)">
									<conditions>
										<condition number="0" type="jump" coverage="100%"/>
										<condition number="1" type="jump" coverage="50%"/>
									</conditions>
								</line>
								<line number="29" hits="1" branch="false"/>
								<line number="31" hits="23" branch="false"/>
								<line number="33" hits="4" branch="false"/>
							</lines>
						</method>
					</methods>
					<lines>
						<line number="4" hits="112" branch="false"/>
						<line number="5" hits="56" branch="true" condition-coverage="66% (4/6)">
							<conditions>
								<condition number="0" type="jump" coverage="50%"/>
								<condition number="1" type="jump" coverage="50%"/>
								<condition number="2" type="jump" coverage="100%"/>
							</conditions>
						</line>
						<line number="6" hits="55" branch="true" condition-coverage="100% (2/2)">
							<conditions>
								<condition number="0" type="jump" coverage="100%"/>
							</conditions>
						</line>
						<line number="7" hits="45" branch="false"/>
						<line number="12" hits="2" branch="true" condition-coverage="50% (1/2)">
							<conditions>
								<condition number="0" type="jump" coverage="50%"/>
							</conditions>
						</line>
						<line number="16" hits="5" branch="true" condition-coverage="100% (2/2)">
							<conditions>
								<condition number="0" type="jump" coverage="100%"/>
							</conditions>
						</line>
						<line number="20" hits="16" branch="false"/>
						<line number="21" hits="11" branch="true" condition-coverage="75% (3/4)">
							<conditions>
								<condition number="0" type="jump" coverage="50%"/>
								<condition number="1" type="jump" coverage="100%"/>
							</conditions>
						</line>
						<line number="22" hits="8" branch="true" condition-coverage="100% (4/4)">
							<conditions>
								<condition number="0" type="jump" coverage="100%"/>
								<condition number="1" type="jump" coverage="100%"/>
							</conditions>
						</line>
						<line number="24" hits="6" branch="true" condition-coverage="75% (3/4)">
							<conditions>
								<condition number="0" type="jump" coverage="50%"/>
								<condition number="1" type="jump" coverage="100%"/>
							</conditions>
						</line>
						<line number="26" hits="5" branch="false"/>
						<line number="27" hits="51" branch="true" condition-coverage="100% (2/2)">
							<conditions>
								<condition number="0" type="jump" coverage="100%"/>
							</conditions>
						</line>
						<line number="28" hits="24" branch="true" condition-coverage="75% (3/4)">
							<conditions>
								<condition number="0" type="jump" coverage="100%"/>
								<condition number="1" type="jump" coverage="50%"/>
							</conditions>
						</line>
						<line number="29" hits="1" branch="false"/>
						<line number="31" hits="23" branch="false"/>
						<line number="33" hits="4" branch="false"/>
						<line number="47" hits="998" branch="false"/>
						<line number="48" hits="499" branch="true" condition-coverage="66% (4/6)">
							<conditions>
								<condition number="0" type="jump" coverage="50%"/>
								<condition number="1" type="jump" coverage="50%"/>
								<condition number="2" type="jump" coverage="100%"/>
							</conditions>
						</line>
						<line number="49" hits="97" branch="false"/>
						<line number="50" hits="402" branch="true" condition-coverage="100% (2/2)">
							<conditions>
								<condition number="0" type="jump" coverage="100%"/>
							</conditions>
						</line>
						<line number="51" hits="246" branch="false"/>
					</lines>
				</class>
				<class name="common.functions.SortersKt" filename="common/functions/Sorters.kt" line-rate="0.9090909090909091" branch-rate="0.8" complexity="0.0">
					<methods>
						<method name="bubbleSort" signature="(Ljava/util/List;Ljava/util/Comparator;)V" line-rate="0.9090909090909091" branch-rate="0.8" complexity="0">
							<lines>
								<line number="4" hits="19830" branch="true" condition-coverage="50% (1/2)">
									<conditions>
										<condition number="0" type="jump" coverage="50%"/>
									</conditions>
								</line>
								<line number="5" hits="19830" branch="false"/>
								<line number="6" hits="199995465" branch="true" condition-coverage="75% (3/4)">
									<conditions>
										<condition number="0" type="jump" coverage="50%"/>
										<condition number="1" type="jump" coverage="100%"/>
									</conditions>
								</line>
								<line number="7" hits="199975635" branch="true" condition-coverage="100% (2/2)">
									<conditions>
										<condition number="0" type="jump" coverage="100%"/>
									</conditions>
								</line>
								<line number="8" hits="103539497" branch="false"/>
								<line number="9" hits="103539497" branch="false"/>
								<line number="10" hits="103539497" branch="false"/>
								<line number="11" hits="103539497" branch="false"/>
								<line number="14" hits="19830" branch="true" condition-coverage="100% (2/2)">
									<conditions>
										<condition number="0" type="jump" coverage="100%"/>
									</conditions>
								</line>
								<line number="15" hits="1" branch="false"/>
								<line number="18" hits="0" branch="false"/>
							</lines>
						</method>
					</methods>
					<lines>
						<line number="4" hits="19830" branch="true" condition-coverage="50% (1/2)">
							<conditions>
								<condition number="0" type="jump" coverage="50%"/>
							</conditions>
						</line>
						<line number="5" hits="19830" branch="false"/>
						<line number="6" hits="199995465" branch="true" condition-coverage="75% (3/4)">
							<conditions>
								<condition number="0" type="jump" coverage="50%"/>
								<condition number="1" type="jump" coverage="100%"/>
							</conditions>
						</line>
						<line number="7" hits="199975635" branch="true" condition-coverage="100% (2/2)">
							<conditions>
								<condition number="0" type="jump" coverage="100%"/>
							</conditions>
						</line>
						<line number="8" hits="103539497" branch="false"/>
						<line number="9" hits="103539497" branch="false"/>
						<line number="10" hits="103539497" branch="false"/>
						<line number="11" hits="103539497" branch="false"/>
						<line number="14" hits="19830" branch="true" condition-coverage="100% (2/2)">
							<conditions>
								<condition number="0" type="jump" coverage="100%"/>
							</conditions>
						</line>
						<line number="15" hits="1" branch="false"/>
						<line number="18" hits="0" branch="false"/>
					</lines>
				</class>
			</classes>
		</package>
		<package name="util" line-rate="0.6985294117647058" branch-rate="0.54" complexity="0.0">
			<classes>
				<class name="util.LinkedList" filename="util/LinkedList.kt" line-rate="0.7850467289719626" branch-rate="0.5666666666666667" complexity="0.0">
					<methods>
						<method name="&lt;init&gt;" signature="(I)V" line-rate="1.0" branch-rate="1.0" complexity="0">
							<lines>
							</lines>
						</method>
						<method name="&lt;init&gt;" signature="(IILkotlin/jvm/internal/DefaultConstructorMarker;)V" line-rate="1.0" branch-rate="1.0" complexity="0">
							<lines>
							</lines>
						</method>
						<method name="access$getHead$p" signature="(Lutil/LinkedList;)Lutil/LinkedListNode;" line-rate="1.0" branch-rate="1.0" complexity="0">
							<lines>
							</lines>
						</method>
						<method name="access$setHead$p" signature="(Lutil/LinkedList;Lutil/LinkedListNode;)V" line-rate="1.0" branch-rate="1.0" complexity="0">
							<lines>
								<line number="3" hits="672" branch="false"/>
							</lines>
						</method>
						<method name="add" signature="(ILjava/lang/Object;)V" line-rate="1.0" branch-rate="1.0" complexity="0">
							<lines>
								<line number="96" hits="12" branch="false"/>
								<line number="97" hits="10" branch="false"/>
								<line number="98" hits="10" branch="true" condition-coverage="100% (2/2)">
									<conditions>
										<condition number="0" type="jump" coverage="100%"/>
									</conditions>
								</line>
								<line number="99" hits="3" branch="false"/>
								<line number="100" hits="3" branch="false"/>
								<line number="102" hits="7" branch="false"/>
								<line number="103" hits="7" branch="false"/>
								<line number="104" hits="7" branch="false"/>
								<line number="106" hits="10" branch="false"/>
								<line number="107" hits="10" branch="false"/>
							</lines>
						</method>
						<method name="add" signature="(Ljava/lang/Object;)Z" line-rate="1.0" branch-rate="0.6666666666666666" complexity="0">
							<lines>
								<line number="74" hits="48" branch="false"/>
								<line number="75" hits="48" branch="true" condition-coverage="100% (2/2)">
									<conditions>
										<condition number="0" type="jump" coverage="100%"/>
									</conditions>
								</line>
								<line number="76" hits="16" branch="false"/>
								<line number="78" hits="32" branch="true" condition-coverage="50% (1/2)">
									<conditions>
										<condition number="0" type="jump" coverage="50%"/>
									</conditions>
								</line>
								<line number="80" hits="48" branch="true" condition-coverage="50% (1/2)">
									<conditions>
										<condition number="0" type="jump" coverage="50%"/>
									</conditions>
								</line>
							</lines>
						</method>
						<method name="addAll" signature="(ILjava/util/Collection;)Z" line-rate="1.0" branch-rate="0.75" complexity="0">
							<lines>
								<line number="110" hits="1" branch="false"/>
								<line number="111" hits="1" branch="false"/>
								<line number="112" hits="1" branch="false"/>
								<line number="113" hits="6" branch="true" condition-coverage="100% (2/2)">
									<conditions>
										<condition number="0" type="jump" coverage="100%"/>
									</conditions>
								</line>
								<line number="114" hits="5" branch="false"/>
								<line number="115" hits="5" branch="false"/>
								<line number="117" hits="1" branch="true" condition-coverage="50% (1/2)">
									<conditions>
										<condition number="0" type="jump" coverage="50%"/>
									</conditions>
								</line>
							</lines>
						</method>
						<method name="addAll" signature="(Ljava/util/Collection;)Z" line-rate="1.0" branch-rate="0.75" complexity="0">
							<lines>
								<line number="121" hits="1" branch="false"/>
								<line number="122" hits="6" branch="true" condition-coverage="100% (2/2)">
									<conditions>
										<condition number="0" type="jump" coverage="100%"/>
									</conditions>
								</line>
								<line number="123" hits="5" branch="false"/>
								<line number="125" hits="1" branch="true" condition-coverage="50% (1/2)">
									<conditions>
										<condition number="0" type="jump" coverage="50%"/>
									</conditions>
								</line>
							</lines>
						</method>
						<method name="clear" signature="()V" line-rate="1.0" branch-rate="1.0" complexity="0">
							<lines>
								<line number="135" hits="1" branch="false"/>
								<line number="136" hits="1" branch="false"/>
								<line number="137" hits="1" branch="false"/>
							</lines>
						</method>
						<method name="contains" signature="(Ljava/lang/Object;)Z" line-rate="1.0" branch-rate="1.0" complexity="0">
							<lines>
								<line number="7" hits="8" branch="true" condition-coverage="100% (2/2)">
									<conditions>
										<condition number="0" type="jump" coverage="100%"/>
									</conditions>
								</line>
							</lines>
						</method>
						<method name="containsAll" signature="(Ljava/util/Collection;)Z" line-rate="1.0" branch-rate="0.6666666666666666" complexity="0">
							<lines>
								<line number="11" hits="4" branch="true" condition-coverage="50% (1/2)">
									<conditions>
										<condition number="0" type="jump" coverage="50%"/>
									</conditions>
								</line>
								<line number="263" hits="1" branch="true" condition-coverage="50% (1/2)">
									<conditions>
										<condition number="0" type="jump" coverage="50%"/>
									</conditions>
								</line>
								<line number="264" hits="1" branch="true" condition-coverage="100% (2/2)">
									<conditions>
										<condition number="0" type="jump" coverage="100%"/>
									</conditions>
								</line>
								<line number="265" hits="1" branch="false"/>
							</lines>
						</method>
						<method name="get" signature="(I)Ljava/lang/Object;" line-rate="1.0" branch-rate="1.0" complexity="0">
							<lines>
								<line number="15" hits="37" branch="false"/>
								<line number="16" hits="37" branch="false"/>
							</lines>
						</method>
						<method name="getNode" signature="(I)Lutil/LinkedListNode;" line-rate="1.0" branch-rate="0.6666666666666666" complexity="0">
							<lines>
								<line number="20" hits="44" branch="false"/>
								<line number="21" hits="44" branch="false"/>
								<line number="22" hits="167" branch="true" condition-coverage="100% (2/2)">
									<conditions>
										<condition number="0" type="jump" coverage="100%"/>
									</conditions>
								</line>
								<line number="23" hits="123" branch="true" condition-coverage="50% (1/2)">
									<conditions>
										<condition number="0" type="jump" coverage="50%"/>
									</conditions>
								</line>
								<line number="25" hits="44" branch="true" condition-coverage="50% (1/2)">
									<conditions>
										<condition number="0" type="jump" coverage="50%"/>
									</conditions>
								</line>
							</lines>
						</method>
						<method name="getSize" signature="()I" line-rate="1.0" branch-rate="1.0" complexity="0">
							<lines>
							</lines>
						</method>
						<method name="getTailNode" signature="()Lutil/LinkedListNode;" line-rate="0.8333333333333334" branch-rate="0.6666666666666666" complexity="0">
							<lines>
								<line number="84" hits="64" branch="true" condition-coverage="50% (1/2)">
									<conditions>
										<condition number="0" type="jump" coverage="50%"/>
									</conditions>
								</line>
								<line number="85" hits="0" branch="false"/>
								<line number="87" hits="32" branch="false"/>
								<line number="88" hits="148" branch="true" condition-coverage="75% (3/4)">
									<conditions>
										<condition number="0" type="jump" coverage="50%"/>
										<condition number="1" type="jump" coverage="100%"/>
									</conditions>
								</line>
								<line number="89" hits="58" branch="false"/>
								<line number="91" hits="32" branch="false"/>
							</lines>
						</method>
						<method name="indexOf" signature="(Ljava/lang/Object;)I" line-rate="1.0" branch-rate="0.8333333333333334" complexity="0">
							<lines>
								<line number="35" hits="8" branch="true" condition-coverage="50% (1/2)">
									<conditions>
										<condition number="0" type="jump" coverage="50%"/>
									</conditions>
								</line>
								<line number="36" hits="8" branch="false"/>
								<line number="37" hits="8" branch="false"/>
								<line number="38" hits="26" branch="true" condition-coverage="100% (2/2)">
									<conditions>
										<condition number="0" type="jump" coverage="100%"/>
									</conditions>
								</line>
								<line number="39" hits="16" branch="true" condition-coverage="100% (2/2)">
									<conditions>
										<condition number="0" type="jump" coverage="100%"/>
									</conditions>
								</line>
								<line number="40" hits="7" branch="false"/>
								<line number="42" hits="9" branch="false"/>
								<line number="43" hits="9" branch="false"/>
								<line number="46" hits="1" branch="false"/>
							</lines>
						</method>
						<method name="isEmpty" signature="()Z" line-rate="1.0" branch-rate="0.5" complexity="0">
							<lines>
								<line number="50" hits="4" branch="true" condition-coverage="50% (1/2)">
									<conditions>
										<condition number="0" type="jump" coverage="50%"/>
									</conditions>
								</line>
							</lines>
						</method>
						<method name="iterator" signature="()Ljava/util/Iterator;" line-rate="1.0" branch-rate="1.0" complexity="0">
							<lines>
								<line number="54" hits="2" branch="false"/>
							</lines>
						</method>
						<method name="lastIndexOf" signature="(Ljava/lang/Object;)I" line-rate="1.0" branch-rate="0.6666666666666666" complexity="0">
							<lines>
								<line number="58" hits="1" branch="false"/>
								<line number="59" hits="1" branch="true" condition-coverage="50% (1/2)">
									<conditions>
										<condition number="0" type="jump" coverage="50%"/>
									</conditions>
								</line>
								<line number="60" hits="1" branch="false"/>
								<line number="61" hits="1" branch="false"/>
								<line number="62" hits="7" branch="true" condition-coverage="100% (2/2)">
									<conditions>
										<condition number="0" type="jump" coverage="100%"/>
									</conditions>
								</line>
								<line number="63" hits="3" branch="true" condition-coverage="50% (1/2)">
									<conditions>
										<condition number="0" type="jump" coverage="50%"/>
									</conditions>
								</line>
								<line number="64" hits="3" branch="false"/>
								<line number="66" hits="3" branch="false"/>
								<line number="67" hits="3" branch="false"/>
								<line number="70" hits="1" branch="false"/>
							</lines>
						</method>
						<method name="listIterator" signature="()Ljava/util/ListIterator;" line-rate="0.0" branch-rate="1.0" complexity="0">
							<lines>
								<line number="140" hits="0" branch="false"/>
							</lines>
						</method>
						<method name="listIterator" signature="(I)Ljava/util/ListIterator;" line-rate="0.0" branch-rate="1.0" complexity="0">
							<lines>
								<line number="144" hits="0" branch="false"/>
							</lines>
						</method>
						<method name="rangeCheck" signature="(I)V" line-rate="0.6666666666666666" branch-rate="0.5" complexity="0">
							<lines>
								<line number="29" hits="82" branch="true" condition-coverage="50% (2/4)">
									<conditions>
										<condition number="0" type="jump" coverage="50%"/>
										<condition number="1" type="jump" coverage="50%"/>
									</conditions>
								</line>
								<line number="30" hits="0" branch="false"/>
								<line number="32" hits="82" branch="false"/>
							</lines>
						</method>
						<method name="rangeCheckForAdd" signature="(I)V" line-rate="1.0" branch-rate="1.0" complexity="0">
							<lines>
								<line number="129" hits="13" branch="true" condition-coverage="100% (4/4)">
									<conditions>
										<condition number="0" type="jump" coverage="100%"/>
										<condition number="1" type="jump" coverage="100%"/>
									</conditions>
								</line>
								<line number="130" hits="2" branch="false"/>
								<line number="132" hits="11" branch="false"/>
							</lines>
						</method>
						<method name="remove" signature="(I)Ljava/lang/Object;" line-rate="1.0" branch-rate="1.0" complexity="0">
							<lines>
							</lines>
						</method>
						<method name="remove" signature="(Ljava/lang/Object;)Z" line-rate="0.38461538461538464" branch-rate="0.2222222222222222" complexity="0">
							<lines>
								<line number="148" hits="1" branch="true" condition-coverage="50% (1/2)">
									<conditions>
										<condition number="0" type="jump" coverage="50%"/>
									</conditions>
								</line>
								<line number="149" hits="1" branch="true" condition-coverage="50% (2/4)">
									<conditions>
										<condition number="0" type="jump" coverage="50%"/>
										<condition number="1" type="jump" coverage="50%"/>
									</conditions>
								</line>
								<line number="150" hits="1" branch="true" condition-coverage="50% (1/2)">
									<conditions>
										<condition number="0" type="jump" coverage="50%"/>
									</conditions>
								</line>
								<line number="151" hits="1" branch="false"/>
								<line number="152" hits="1" branch="false"/>
								<line number="154" hits="0" branch="false"/>
								<line number="155" hits="0" branch="true" condition-coverage="0% (0/4)">
									<conditions>
										<condition number="0" type="jump" coverage="0%"/>
										<condition number="1" type="jump" coverage="0%"/>
									</conditions>
								</line>
								<line number="156" hits="0" branch="true" condition-coverage="0% (0/4)">
									<conditions>
										<condition number="0" type="jump" coverage="0%"/>
										<condition number="1" type="jump" coverage="0%"/>
									</conditions>
								</line>
								<line number="157" hits="0" branch="true" condition-coverage="0% (0/2)">
									<conditions>
										<condition number="0" type="jump" coverage="0%"/>
									</conditions>
								</line>
								<line number="158" hits="0" branch="false"/>
								<line number="159" hits="0" branch="false"/>
								<line number="161" hits="0" branch="false"/>
								<line number="165" hits="0" branch="false"/>
							</lines>
						</method>
						<method name="removeAll" signature="(Ljava/util/Collection;)Z" line-rate="0.0" branch-rate="0.0" complexity="0">
							<lines>
								<line number="169" hits="0" branch="false"/>
								<line number="170" hits="0" branch="true" condition-coverage="0% (0/2)">
									<conditions>
										<condition number="0" type="jump" coverage="0%"/>
									</conditions>
								</line>
								<line number="171" hits="0" branch="false"/>
								<line number="173" hits="0" branch="true" condition-coverage="0% (0/2)">
									<conditions>
										<condition number="0" type="jump" coverage="0%"/>
									</conditions>
								</line>
							</lines>
						</method>
						<method name="removeAt" signature="(I)Ljava/lang/Object;" line-rate="1.0" branch-rate="0.5" complexity="0">
							<lines>
								<line number="177" hits="1" branch="false"/>
								<line number="179" hits="1" branch="true" condition-coverage="50% (1/2)">
									<conditions>
										<condition number="0" type="jump" coverage="50%"/>
									</conditions>
								</line>
								<line number="180" hits="1" branch="true" condition-coverage="50% (1/2)">
									<conditions>
										<condition number="0" type="jump" coverage="50%"/>
									</conditions>
								</line>
								<line number="182" hits="1" branch="true" condition-coverage="50% (2/4)">
									<conditions>
										<condition number="0" type="jump" coverage="50%"/>
										<condition number="1" type="jump" coverage="50%"/>
									</conditions>
								</line>
								<line number="184" hits="1" branch="false"/>
								<line number="186" hits="1" branch="true" condition-coverage="50% (1/2)">
									<conditions>
										<condition number="0" type="jump" coverage="50%"/>
									</conditions>
								</line>
							</lines>
						</method>
						<method name="retainAll" signature="(Ljava/util/Collection;)Z" line-rate="0.0" branch-rate="1.0" complexity="0">
							<lines>
								<line number="190" hits="0" branch="false"/>
							</lines>
						</method>
						<method name="set" signature="(ILjava/lang/Object;)Ljava/lang/Object;" line-rate="0.0" branch-rate="1.0" complexity="0">
							<lines>
								<line number="194" hits="0" branch="false"/>
								<line number="196" hits="0" branch="false"/>
								<line number="197" hits="0" branch="false"/>
								<line number="198" hits="0" branch="false"/>
								<line number="200" hits="0" branch="false"/>
							</lines>
						</method>
						<method name="setSize" signature="(I)V" line-rate="1.0" branch-rate="1.0" complexity="0">
							<lines>
							</lines>
						</method>
						<method name="size" signature="()I" line-rate="1.0" branch-rate="1.0" complexity="0">
							<lines>
							</lines>
						</method>
						<method name="subList" signature="(II)Ljava/util/List;" line-rate="0.0" branch-rate="1.0" complexity="0">
							<lines>
								<line number="204" hits="0" branch="false"/>
							</lines>
						</method>
					</methods>
					<lines>
						<line number="3" hits="672" branch="false"/>
						<line number="7" hits="8" branch="true" condition-coverage="100% (2/2)">
							<conditions>
								<condition number="0" type="jump" coverage="100%"/>
							</conditions>
						</line>
						<line number="11" hits="4" branch="true" condition-coverage="50% (1/2)">
							<conditions>
								<condition number="0" type="jump" coverage="50%"/>
							</conditions>
						</line>
						<line number="15" hits="37" branch="false"/>
						<line number="16" hits="37" branch="false"/>
						<line number="20" hits="44" branch="false"/>
						<line number="21" hits="44" branch="false"/>
						<line number="22" hits="167" branch="true" condition-coverage="100% (2/2)">
							<conditions>
								<condition number="0" type="jump" coverage="100%"/>
							</conditions>
						</line>
						<line number="23" hits="123" branch="true" condition-coverage="50% (1/2)">
							<conditions>
								<condition number="0" type="jump" coverage="50%"/>
							</conditions>
						</line>
						<line number="25" hits="44" branch="true" condition-coverage="50% (1/2)">
							<conditions>
								<condition number="0" type="jump" coverage="50%"/>
							</conditions>
						</line>
						<line number="29" hits="82" branch="true" condition-coverage="50% (2/4)">
							<conditions>
								<condition number="0" type="jump" coverage="50%"/>
								<condition number="1" type="jump" coverage="50%"/>
							</conditions>
						</line>
						<line number="30" hits="0" branch="false"/>
						<line number="32" hits="82" branch="false"/>
						<line number="35" hits="8" branch="true" condition-coverage="50% (1/2)">
							<conditions>
								<condition number="0" type="jump" coverage="50%"/>
							</conditions>
						</line>
						<line number="36" hits="8" branch="false"/>
						<line number="37" hits="8" branch="false"/>
						<line number="38" hits="26" branch="true" condition-coverage="100% (2/2)">
							<conditions>
								<condition number="0" type="jump" coverage="100%"/>
							</conditions>
						</line>
						<line number="39" hits="16" branch="true" condition-coverage="100% (2/2)">
							<conditions>
								<condition number="0" type="jump" coverage="100%"/>
							</conditions>
						</line>
						<line number="40" hits="7" branch="false"/>
						<line number="42" hits="9" branch="false"/>
						<line number="43" hits="9" branch="false"/>
						<line number="46" hits="1" branch="false"/>
						<line number="50" hits="4" branch="true" condition-coverage="50% (1/2)">
							<conditions>
								<condition number="0" type="jump" coverage="50%"/>
							</conditions>
						</line>
						<line number="54" hits="2" branch="false"/>
						<line number="58" hits="1" branch="false"/>
						<line number="59" hits="1" branch="true" condition-coverage="50% (1/2)">
							<conditions>
								<condition number="0" type="jump" coverage="50%"/>
							</conditions>
						</line>
						<line number="60" hits="1" branch="false"/>
						<line number="61" hits="1" branch="false"/>
						<line number="62" hits="7" branch="true" condition-coverage="100% (2/2)">
							<conditions>
								<condition number="0" type="jump" coverage="100%"/>
							</conditions>
						</line>
						<line number="63" hits="3" branch="true" condition-coverage="50% (1/2)">
							<conditions>
								<condition number="0" type="jump" coverage="50%"/>
							</conditions>
						</line>
						<line number="64" hits="3" branch="false"/>
						<line number="66" hits="3" branch="false"/>
						<line number="67" hits="3" branch="false"/>
						<line number="70" hits="1" branch="false"/>
						<line number="74" hits="48" branch="false"/>
						<line number="75" hits="48" branch="true" condition-coverage="100% (2/2)">
							<conditions>
								<condition number="0" type="jump" coverage="100%"/>
							</conditions>
						</line>
						<line number="76" hits="16" branch="false"/>
						<line number="78" hits="32" branch="true" condition-coverage="50% (1/2)">
							<conditions>
								<condition number="0" type="jump" coverage="50%"/>
							</conditions>
						</line>
						<line number="80" hits="48" branch="true" condition-coverage="50% (1/2)">
							<conditions>
								<condition number="0" type="jump" coverage="50%"/>
							</conditions>
						</line>
						<line number="84" hits="64" branch="true" condition-coverage="50% (1/2)">
							<conditions>
								<condition number="0" type="jump" coverage="50%"/>
							</conditions>
						</line>
						<line number="85" hits="0" branch="false"/>
						<line number="87" hits="32" branch="false"/>
						<line number="88" hits="148" branch="true" condition-coverage="75% (3/4)">
							<conditions>
								<condition number="0" type="jump" coverage="50%"/>
								<condition number="1" type="jump" coverage="100%"/>
							</conditions>
						</line>
						<line number="89" hits="58" branch="false"/>
						<line number="91" hits="32" branch="false"/>
						<line number="96" hits="12" branch="false"/>
						<line number="97" hits="10" branch="false"/>
						<line number="98" hits="10" branch="true" condition-coverage="100% (2/2)">
							<conditions>
								<condition number="0" type="jump" coverage="100%"/>
							</conditions>
						</line>
						<line number="99" hits="3" branch="false"/>
						<line number="100" hits="3" branch="false"/>
						<line number="102" hits="7" branch="false"/>
						<line number="103" hits="7" branch="false"/>
						<line number="104" hits="7" branch="false"/>
						<line number="106" hits="10" branch="false"/>
						<line number="107" hits="10" branch="false"/>
						<line number="110" hits="1" branch="false"/>
						<line number="111" hits="1" branch="false"/>
						<line number="112" hits="1" branch="false"/>
						<line number="113" hits="6" branch="true" condition-coverage="100% (2/2)">
							<conditions>
								<condition number="0" type="jump" coverage="100%"/>
							</conditions>
						</line>
						<line number="114" hits="5" branch="false"/>
						<line number="115" hits="5" branch="false"/>
						<line number="117" hits="1" branch="true" condition-coverage="50% (1/2)">
							<conditions>
								<condition number="0" type="jump" coverage="50%"/>
							</conditions>
						</line>
						<line number="121" hits="1" branch="false"/>
						<line number="122" hits="6" branch="true" condition-coverage="100% (2/2)">
							<conditions>
								<condition number="0" type="jump" coverage="100%"/>
							</conditions>
						</line>
						<line number="123" hits="5" branch="false"/>
						<line number="125" hits="1" branch="true" condition-coverage="50% (1/2)">
							<conditions>
								<condition number="0" type="jump" coverage="50%"/>
							</conditions>
						</line>
						<line number="129" hits="13" branch="true" condition-coverage="100% (4/4)">
							<conditions>
								<condition number="0" type="jump" coverage="100%"/>
								<condition number="1" type="jump" coverage="100%"/>
							</conditions>
						</line>
						<line number="130" hits="2" branch="false"/>
						<line number="132" hits="11" branch="false"/>
						<line number="135" hits="1" branch="false"/>
						<line number="136" hits="1" branch="false"/>
						<line number="137" hits="1" branch="false"/>
						<line number="140" hits="0" branch="false"/>
						<line number="144" hits="0" branch="false"/>
						<line number="148" hits="1" branch="true" condition-coverage="50% (1/2)">
							<conditions>
								<condition number="0" type="jump" coverage="50%"/>
							</conditions>
						</line>
						<line number="149" hits="1" branch="true" condition-coverage="50% (2/4)">
							<conditions>
								<condition number="0" type="jump" coverage="50%"/>
								<condition number="1" type="jump" coverage="50%"/>
							</conditions>
						</line>
						<line number="150" hits="1" branch="true" condition-coverage="50% (1/2)">
							<conditions>
								<condition number="0" type="jump" coverage="50%"/>
							</conditions>
						</line>
						<line number="151" hits="1" branch="false"/>
						<line number="152" hits="1" branch="false"/>
						<line number="154" hits="0" branch="false"/>
						<line number="155" hits="0" branch="true" condition-coverage="0% (0/4)">
							<conditions>
								<condition number="0" type="jump" coverage="0%"/>
								<condition number="1" type="jump" coverage="0%"/>
							</conditions>
						</line>
						<line number="156" hits="0" branch="true" condition-coverage="0% (0/4)">
							<conditions>
								<condition number="0" type="jump" coverage="0%"/>
								<condition number="1" type="jump" coverage="0%"/>
							</conditions>
						</line>
						<line number="157" hits="0" branch="true" condition-coverage="0% (0/2)">
							<conditions>
								<condition number="0" type="jump" coverage="0%"/>
							</conditions>
						</line>
						<line number="158" hits="0" branch="false"/>
						<line number="159" hits="0" branch="false"/>
						<line number="161" hits="0" branch="false"/>
						<line number="165" hits="0" branch="false"/>
						<line number="169" hits="0" branch="false"/>
						<line number="170" hits="0" branch="true" condition-coverage="0% (0/2)">
							<conditions>
								<condition number="0" type="jump" coverage="0%"/>
							</conditions>
						</line>
						<line number="171" hits="0" branch="false"/>
						<line number="173" hits="0" branch="true" condition-coverage="0% (0/2)">
							<conditions>
								<condition number="0" type="jump" coverage="0%"/>
							</conditions>
						</line>
						<line number="177" hits="1" branch="false"/>
						<line number="179" hits="1" branch="true" condition-coverage="50% (1/2)">
							<conditions>
								<condition number="0" type="jump" coverage="50%"/>
							</conditions>
						</line>
						<line number="180" hits="1" branch="true" condition-coverage="50% (1/2)">
							<conditions>
								<condition number="0" type="jump" coverage="50%"/>
							</conditions>
						</line>
						<line number="182" hits="1" branch="true" condition-coverage="50% (2/4)">
							<conditions>
								<condition number="0" type="jump" coverage="50%"/>
								<condition number="1" type="jump" coverage="50%"/>
							</conditions>
						</line>
						<line number="184" hits="1" branch="false"/>
						<line number="186" hits="1" branch="true" condition-coverage="50% (1/2)">
							<conditions>
								<condition number="0" type="jump" coverage="50%"/>
							</conditions>
						</line>
						<line number="190" hits="0" branch="false"/>
						<line number="194" hits="0" branch="false"/>
						<line number="196" hits="0" branch="false"/>
						<line number="197" hits="0" branch="false"/>
						<line number="198" hits="0" branch="false"/>
						<line number="200" hits="0" branch="false"/>
						<line number="204" hits="0" branch="false"/>
						<line number="263" hits="1" branch="true" condition-coverage="50% (1/2)">
							<conditions>
								<condition number="0" type="jump" coverage="50%"/>
							</conditions>
						</line>
						<line number="264" hits="1" branch="true" condition-coverage="100% (2/2)">
							<conditions>
								<condition number="0" type="jump" coverage="100%"/>
							</conditions>
						</line>
						<line number="265" hits="1" branch="false"/>
					</lines>
				</class>
				<class name="util.LinkedList$Itr" filename="util/LinkedList.kt" line-rate="0.6" branch-rate="0.5" complexity="0.0">
					<methods>
						<method name="&lt;init&gt;" signature="(Lutil/LinkedList;)V" line-rate="1.0" branch-rate="1.0" complexity="0">
							<lines>
								<line number="207" hits="2" branch="false"/>
								<line number="209" hits="2" branch="false"/>
								<line number="210" hits="2" branch="false"/>
							</lines>
						</method>
						<method name="getCursor$kotlin_pro" signature="()I" line-rate="1.0" branch-rate="1.0" complexity="0">
							<lines>
							</lines>
						</method>
						<method name="getLastRet$kotlin_pro" signature="()I" line-rate="1.0" branch-rate="1.0" complexity="0">
							<lines>
							</lines>
						</method>
						<method name="getNext$kotlin_pro" signature="()Lutil/LinkedListNode;" line-rate="1.0" branch-rate="1.0" complexity="0">
							<lines>
							</lines>
						</method>
						<method name="getPrevious$kotlin_pro" signature="()Ljava/lang/Object;" line-rate="1.0" branch-rate="1.0" complexity="0">
							<lines>
							</lines>
						</method>
						<method name="hasNext" signature="()Z" line-rate="1.0" branch-rate="1.0" complexity="0">
							<lines>
								<line number="214" hits="12" branch="true" condition-coverage="100% (2/2)">
									<conditions>
										<condition number="0" type="jump" coverage="100%"/>
									</conditions>
								</line>
							</lines>
						</method>
						<method name="next" signature="()Ljava/lang/Object;" line-rate="1.0" branch-rate="0.5" complexity="0">
							<lines>
								<line number="218" hits="10" branch="true" condition-coverage="50% (1/2)">
									<conditions>
										<condition number="0" type="jump" coverage="50%"/>
									</conditions>
								</line>
								<line number="219" hits="10" branch="false"/>
								<line number="220" hits="10" branch="false"/>
								<line number="221" hits="10" branch="false"/>
								<line number="222" hits="10" branch="false"/>
							</lines>
						</method>
						<method name="remove" signature="()V" line-rate="0.0" branch-rate="0.0" complexity="0">
							<lines>
								<line number="226" hits="0" branch="true" condition-coverage="0% (0/2)">
									<conditions>
										<condition number="0" type="jump" coverage="0%"/>
									</conditions>
								</line>
								<line number="227" hits="0" branch="false"/>
								<line number="228" hits="0" branch="false"/>
								<line number="229" hits="0" branch="false"/>
							</lines>
						</method>
						<method name="setCursor$kotlin_pro" signature="(I)V" line-rate="0.0" branch-rate="1.0" complexity="0">
							<lines>
								<line number="208" hits="0" branch="false"/>
							</lines>
						</method>
						<method name="setLastRet$kotlin_pro" signature="(I)V" line-rate="1.0" branch-rate="1.0" complexity="0">
							<lines>
							</lines>
						</method>
						<method name="setNext$kotlin_pro" signature="(Lutil/LinkedListNode;)V" line-rate="1.0" branch-rate="1.0" complexity="0">
							<lines>
							</lines>
						</method>
						<method name="setPrevious$kotlin_pro" signature="(Ljava/lang/Object;)V" line-rate="0.0" branch-rate="1.0" complexity="0">
							<lines>
								<line number="211" hits="0" branch="false"/>
							</lines>
						</method>
					</methods>
					<lines>
						<line number="207" hits="2" branch="false"/>
						<line number="208" hits="0" branch="false"/>
						<line number="209" hits="2" branch="false"/>
						<line number="210" hits="2" branch="false"/>
						<line number="211" hits="0" branch="false"/>
						<line number="214" hits="12" branch="true" condition-coverage="100% (2/2)">
							<conditions>
								<condition number="0" type="jump" coverage="100%"/>
							</conditions>
						</line>
						<line number="218" hits="10" branch="true" condition-coverage="50% (1/2)">
							<conditions>
								<condition number="0" type="jump" coverage="50%"/>
							</conditions>
						</line>
						<line number="219" hits="10" branch="false"/>
						<line number="220" hits="10" branch="false"/>
						<line number="221" hits="10" branch="false"/>
						<line number="222" hits="10" branch="false"/>
						<line number="226" hits="0" branch="true" condition-coverage="0% (0/2)">
							<conditions>
								<condition number="0" type="jump" coverage="0%"/>
							</conditions>
						</line>
						<line number="227" hits="0" branch="false"/>
						<line number="228" hits="0" branch="false"/>
						<line number="229" hits="0" branch="false"/>
					</lines>
				</class>
				<class name="util.LinkedList$ListItr" filename="util/LinkedList.kt" line-rate="0.0" branch-rate="0.0" complexity="0.0">
					<methods>
						<method name="&lt;init&gt;" signature="(Lutil/LinkedList;)V" line-rate="0.0" branch-rate="1.0" complexity="0">
							<lines>
								<line number="232" hits="0" branch="false"/>
							</lines>
						</method>
						<method name="&lt;init&gt;" signature="(Lutil/LinkedList;I)V" line-rate="0.0" branch-rate="1.0" complexity="0">
							<lines>
								<line number="233" hits="0" branch="false"/>
								<line number="234" hits="0" branch="false"/>
							</lines>
						</method>
						<method name="add" signature="(Ljava/lang/Object;)V" line-rate="0.0" branch-rate="1.0" complexity="0">
							<lines>
								<line number="254" hits="0" branch="false"/>
								<line number="255" hits="0" branch="false"/>
								<line number="256" hits="0" branch="false"/>
							</lines>
						</method>
						<method name="hasPrevious" signature="()Z" line-rate="0.0" branch-rate="0.0" complexity="0">
							<lines>
								<line number="238" hits="0" branch="true" condition-coverage="0% (0/2)">
									<conditions>
										<condition number="0" type="jump" coverage="0%"/>
									</conditions>
								</line>
							</lines>
						</method>
						<method name="nextIndex" signature="()I" line-rate="0.0" branch-rate="1.0" complexity="0">
							<lines>
								<line number="242" hits="0" branch="false"/>
							</lines>
						</method>
						<method name="previous" signature="()Ljava/lang/Object;" line-rate="0.0" branch-rate="0.0" complexity="0">
							<lines>
								<line number="246" hits="0" branch="true" condition-coverage="0% (0/2)">
									<conditions>
										<condition number="0" type="jump" coverage="0%"/>
									</conditions>
								</line>
							</lines>
						</method>
						<method name="previousIndex" signature="()I" line-rate="0.0" branch-rate="1.0" complexity="0">
							<lines>
								<line number="250" hits="0" branch="false"/>
							</lines>
						</method>
						<method name="set" signature="(Ljava/lang/Object;)V" line-rate="0.0" branch-rate="1.0" complexity="0">
							<lines>
								<line number="259" hits="0" branch="false"/>
								<line number="260" hits="0" branch="false"/>
							</lines>
						</method>
					</methods>
					<lines>
						<line number="232" hits="0" branch="false"/>
						<line number="233" hits="0" branch="false"/>
						<line number="234" hits="0" branch="false"/>
						<line number="238" hits="0" branch="true" condition-coverage="0% (0/2)">
							<conditions>
								<condition number="0" type="jump" coverage="0%"/>
							</conditions>
						</line>
						<line number="242" hits="0" branch="false"/>
						<line number="246" hits="0" branch="true" condition-coverage="0% (0/2)">
							<conditions>
								<condition number="0" type="jump" coverage="0%"/>
							</conditions>
						</line>
						<line number="250" hits="0" branch="false"/>
						<line number="254" hits="0" branch="false"/>
						<line number="255" hits="0" branch="false"/>
						<line number="256" hits="0" branch="false"/>
						<line number="259" hits="0" branch="false"/>
						<line number="260" hits="0" branch="false"/>
					</lines>
				</class>
				<class name="util.LinkedListNode" filename="util/LinkedListNode.kt" line-rate="1.0" branch-rate="1.0" complexity="0.0">
					<methods>
						<method name="&lt;init&gt;" signature="(Ljava/lang/Object;)V" line-rate="1.0" branch-rate="1.0" complexity="0">
							<lines>
								<line number="4" hits="61" branch="false"/>
							</lines>
						</method>
						<method name="&lt;init&gt;" signature="(Ljava/lang/Object;Lutil/LinkedListNode;)V" line-rate="1.0" branch-rate="1.0" complexity="0">
							<lines>
							</lines>
						</method>
						<method name="&lt;init&gt;" signature="(Ljava/lang/Object;Lutil/LinkedListNode;ILkotlin/jvm/internal/DefaultConstructorMarker;)V" line-rate="1.0" branch-rate="1.0" complexity="0">
							<lines>
								<line number="3" hits="499" branch="false"/>
							</lines>
						</method>
						<method name="getNext" signature="()Lutil/LinkedListNode;" line-rate="1.0" branch-rate="1.0" complexity="0">
							<lines>
							</lines>
						</method>
						<method name="getValue" signature="()Ljava/lang/Object;" line-rate="1.0" branch-rate="1.0" complexity="0">
							<lines>
							</lines>
						</method>
						<method name="setNext" signature="(Lutil/LinkedListNode;)V" line-rate="1.0" branch-rate="1.0" complexity="0">
							<lines>
							</lines>
						</method>
						<method name="setValue" signature="(Ljava/lang/Object;)V" line-rate="1.0" branch-rate="1.0" complexity="0">
							<lines>
							</lines>
						</method>
					</methods>
					<lines>
						<line number="3" hits="499" branch="false"/>
						<line number="4" hits="61" branch="false"/>
					</lines>
				</class>
			</classes>
		</package>
	</packages>
</coverage>
